-- Disallow unsafe commands via ALTER SYSTEM SET, config file, ALTER DATABASE set, etc
-- Should work
ALTER SYSTEM
  SET bdr.skip_ddl_locking = on;
ALTER SYSTEM
  SET bdr.skip_ddl_replication = on;
-- Should fail
ALTER SYSTEM
  SET bdr.permit_unsafe_ddl_commands = on;
WARNING:  unsafe BDR configuration options can not be set globally
DETAIL:  The bdr option bdr.permit_unsafe_ddl_commands should only be enabled with a SET or SET LOCAL command in a SQL session or set in client connection options.
HINT:  See the manual for information on this options Using it without care can break replication. Use it only with SET LOCAL inside a transaction.
ERROR:  invalid value for parameter "bdr.permit_unsafe_ddl_commands": 1
-- The check for per-database settings only occurs when you're on that
-- database, so we don't block the setting on another DB and the user
-- has to undo it later.
SELECT current_database();
 current_database 
------------------
 regression
(1 row)

ALTER DATABASE postgres
  SET bdr.permit_unsafe_ddl_commands = on;
-- An ERROR setting a GUC doesn't stop the connection to the DB
-- from succeeding though.
\c postgres
WARNING:  unsafe BDR configuration options can not be set globally
DETAIL:  The bdr option bdr.permit_unsafe_ddl_commands should only be enabled with a SET or SET LOCAL command in a SQL session or set in client connection options.
HINT:  See the manual for information on this options Using it without care can break replication. Use it only with SET LOCAL inside a transaction.
WARNING:  invalid value for parameter "bdr.permit_unsafe_ddl_commands": 1
SELECT current_database();
 current_database 
------------------
 postgres
(1 row)

ALTER DATABASE postgres
  RESET bdr.permit_unsafe_ddl_commands;
\c postgres
SELECT current_database();
 current_database 
------------------
 postgres
(1 row)

\c regression
SELECT current_database();
 current_database 
------------------
 regression
(1 row)

-- This is true even when you ALTER the current database, so this
-- commits fine, but switching back to the DB breaks:
ALTER DATABASE regression
  SET bdr.permit_unsafe_ddl_commands = on;
\c postgres
SELECT current_database();
 current_database 
------------------
 postgres
(1 row)

-- so this will report an error, but we'll still successfully connect to the DB.
\c regression
WARNING:  unsafe BDR configuration options can not be set globally
DETAIL:  The bdr option bdr.permit_unsafe_ddl_commands should only be enabled with a SET or SET LOCAL command in a SQL session or set in client connection options.
HINT:  See the manual for information on this options Using it without care can break replication. Use it only with SET LOCAL inside a transaction.
WARNING:  invalid value for parameter "bdr.permit_unsafe_ddl_commands": 1
SELECT current_database();
 current_database 
------------------
 regression
(1 row)

-- and fix the GUC
ALTER DATABASE regression
  RESET bdr.permit_unsafe_ddl_commands;
\c regression
SELECT current_database();
 current_database 
------------------
 regression
(1 row)

-- Fixed.
-- Explicit "off" is OK
ALTER DATABASE regression
  SET bdr.permit_unsafe_ddl_commands = off;
ALTER SYSTEM
  SET bdr.permit_unsafe_ddl_commands = off;
ALTER SYSTEM
  RESET bdr.permit_unsafe_ddl_commands;
-- Per-user is OK
ALTER USER super
  SET bdr.permit_unsafe_ddl_commands = on;
ALTER USER super
  SET bdr.permit_unsafe_ddl_commands = off;
ALTER USER super
  RESET bdr.permit_unsafe_ddl_commands;
-- Per session is OK
SET bdr.permit_unsafe_ddl_commands = on;
SET bdr.permit_unsafe_ddl_commands = off;
RESET bdr.permit_unsafe_ddl_commands;
